<?xml version="1.0" encoding="UTF-8"?>
<coverage generated="1610591576">
  <project timestamp="1610591576">
    <file name="/Users/akihito/git/BEAR.Sunday/src/Annotation/DefaultSchemeHost.php">
      <class name="BEAR\Sunday\Annotation\DefaultSchemeHost" namespace="global">
        <metrics complexity="0" methods="0" coveredmethods="0" conditionals="0" coveredconditionals="0" statements="0" coveredstatements="0" elements="0" coveredelements="0"/>
      </class>
      <metrics loc="18" ncloc="12" classes="0" methods="0" coveredmethods="0" conditionals="0" coveredconditionals="0" statements="0" coveredstatements="0" elements="0" coveredelements="0"/>
    </file>
    <file name="/Users/akihito/git/BEAR.Sunday/src/Exception/BadRequestJsonException.php">
      <class name="BEAR\Sunday\Exception\BadRequestJsonException" namespace="global">
        <metrics complexity="0" methods="0" coveredmethods="0" conditionals="0" coveredconditionals="0" statements="0" coveredstatements="0" elements="0" coveredelements="0"/>
      </class>
      <metrics loc="11" ncloc="11" classes="0" methods="0" coveredmethods="0" conditionals="0" coveredconditionals="0" statements="0" coveredstatements="0" elements="0" coveredelements="0"/>
    </file>
    <file name="/Users/akihito/git/BEAR.Sunday/src/Exception/ExceptionInterface.php">
      <metrics loc="9" ncloc="9" classes="0" methods="0" coveredmethods="0" conditionals="0" coveredconditionals="0" statements="0" coveredstatements="0" elements="0" coveredelements="0"/>
    </file>
    <file name="/Users/akihito/git/BEAR.Sunday/src/Exception/LogicException.php">
      <class name="BEAR\Sunday\Exception\LogicException" namespace="global">
        <metrics complexity="0" methods="0" coveredmethods="0" conditionals="0" coveredconditionals="0" statements="0" coveredstatements="0" elements="0" coveredelements="0"/>
      </class>
      <metrics loc="9" ncloc="9" classes="0" methods="0" coveredmethods="0" conditionals="0" coveredconditionals="0" statements="0" coveredstatements="0" elements="0" coveredelements="0"/>
    </file>
    <file name="/Users/akihito/git/BEAR.Sunday/src/Exception/RuntimeException.php">
      <class name="BEAR\Sunday\Exception\RuntimeException" namespace="global">
        <metrics complexity="0" methods="0" coveredmethods="0" conditionals="0" coveredconditionals="0" statements="0" coveredstatements="0" elements="0" coveredelements="0"/>
      </class>
      <metrics loc="9" ncloc="9" classes="0" methods="0" coveredmethods="0" conditionals="0" coveredconditionals="0" statements="0" coveredstatements="0" elements="0" coveredelements="0"/>
    </file>
    <file name="/Users/akihito/git/BEAR.Sunday/src/Extension/Application/AbstractApp.php">
      <class name="BEAR\Sunday\Extension\Application\AbstractApp" namespace="global">
        <metrics complexity="1" methods="1" coveredmethods="1" conditionals="0" coveredconditionals="0" statements="6" coveredstatements="6" elements="7" coveredelements="7"/>
      </class>
      <line num="37" type="method" name="__construct" visibility="public" complexity="1" crap="1" count="1"/>
      <line num="44" type="stmt" count="1"/>
      <line num="45" type="stmt" count="1"/>
      <line num="46" type="stmt" count="1"/>
      <line num="47" type="stmt" count="1"/>
      <line num="48" type="stmt" count="1"/>
      <line num="49" type="stmt" count="1"/>
      <metrics loc="50" ncloc="38" classes="1" methods="1" coveredmethods="1" conditionals="0" coveredconditionals="0" statements="6" coveredstatements="6" elements="7" coveredelements="7"/>
    </file>
    <file name="/Users/akihito/git/BEAR.Sunday/src/Extension/Application/AppInterface.php">
      <metrics loc="11" ncloc="11" classes="0" methods="0" coveredmethods="0" conditionals="0" coveredconditionals="0" statements="0" coveredstatements="0" elements="0" coveredelements="0"/>
    </file>
    <file name="/Users/akihito/git/BEAR.Sunday/src/Extension/Error/ErrorInterface.php">
      <metrics loc="25" ncloc="14" classes="0" methods="0" coveredmethods="0" conditionals="0" coveredconditionals="0" statements="0" coveredstatements="0" elements="0" coveredelements="0"/>
    </file>
    <file name="/Users/akihito/git/BEAR.Sunday/src/Extension/Error/NullError.php">
      <class name="BEAR\Sunday\Extension\Error\NullError" namespace="global">
        <metrics complexity="2" methods="2" coveredmethods="2" conditionals="0" coveredconditionals="0" statements="2" coveredstatements="2" elements="4" coveredelements="4"/>
      </class>
      <line num="15" type="method" name="handle" visibility="public" complexity="1" crap="1" count="1"/>
      <line num="17" type="stmt" count="1"/>
      <line num="20" type="method" name="transfer" visibility="public" complexity="1" crap="1" count="1"/>
      <line num="22" type="stmt" count="1"/>
      <metrics loc="23" ncloc="20" classes="1" methods="2" coveredmethods="2" conditionals="0" coveredconditionals="0" statements="2" coveredstatements="2" elements="4" coveredelements="4"/>
    </file>
    <file name="/Users/akihito/git/BEAR.Sunday/src/Extension/Error/ThrowableHandlerInterface.php">
      <metrics loc="21" ncloc="15" classes="0" methods="0" coveredmethods="0" conditionals="0" coveredconditionals="0" statements="0" coveredstatements="0" elements="0" coveredelements="0"/>
    </file>
    <file name="/Users/akihito/git/BEAR.Sunday/src/Extension/ExtensionInterface.php">
      <metrics loc="9" ncloc="9" classes="0" methods="0" coveredmethods="0" conditionals="0" coveredconditionals="0" statements="0" coveredstatements="0" elements="0" coveredelements="0"/>
    </file>
    <file name="/Users/akihito/git/BEAR.Sunday/src/Extension/Router/NullMatch.php">
      <class name="BEAR\Sunday\Extension\Router\NullMatch" namespace="global">
        <metrics complexity="0" methods="0" coveredmethods="0" conditionals="0" coveredconditionals="0" statements="0" coveredstatements="0" elements="0" coveredelements="0"/>
      </class>
      <metrics loc="9" ncloc="9" classes="0" methods="0" coveredmethods="0" conditionals="0" coveredconditionals="0" statements="0" coveredstatements="0" elements="0" coveredelements="0"/>
    </file>
    <file name="/Users/akihito/git/BEAR.Sunday/src/Extension/Router/RouterInterface.php">
      <metrics loc="41" ncloc="14" classes="0" methods="0" coveredmethods="0" conditionals="0" coveredconditionals="0" statements="0" coveredstatements="0" elements="0" coveredelements="0"/>
    </file>
    <file name="/Users/akihito/git/BEAR.Sunday/src/Extension/Router/RouterMatch.php">
      <class name="BEAR\Sunday\Extension\Router\RouterMatch" namespace="global">
        <metrics complexity="2" methods="1" coveredmethods="1" conditionals="0" coveredconditionals="0" statements="2" coveredstatements="2" elements="3" coveredelements="3"/>
      </class>
      <line num="32" type="method" name="__toString" visibility="public" complexity="2" crap="2" count="3"/>
      <line num="34" type="stmt" count="3"/>
      <line num="36" type="stmt" count="3"/>
      <metrics loc="38" ncloc="23" classes="1" methods="1" coveredmethods="1" conditionals="0" coveredconditionals="0" statements="2" coveredstatements="2" elements="3" coveredelements="3"/>
    </file>
    <file name="/Users/akihito/git/BEAR.Sunday/src/Extension/Transfer/HttpCacheInterface.php">
      <metrics loc="27" ncloc="12" classes="0" methods="0" coveredmethods="0" conditionals="0" coveredconditionals="0" statements="0" coveredstatements="0" elements="0" coveredelements="0"/>
    </file>
    <file name="/Users/akihito/git/BEAR.Sunday/src/Extension/Transfer/NullHttpCache.php">
      <class name="BEAR\Sunday\Extension\Transfer\NullHttpCache" namespace="global">
        <metrics complexity="2" methods="2" coveredmethods="2" conditionals="0" coveredconditionals="0" statements="2" coveredstatements="2" elements="4" coveredelements="4"/>
      </class>
      <line num="12" type="method" name="isNotModified" visibility="public" complexity="1" crap="1" count="1"/>
      <line num="14" type="stmt" count="1"/>
      <line num="17" type="method" name="transfer" visibility="public" complexity="1" crap="1" count="1"/>
      <line num="19" type="stmt" count="1"/>
      <metrics loc="20" ncloc="17" classes="1" methods="2" coveredmethods="2" conditionals="0" coveredconditionals="0" statements="2" coveredstatements="2" elements="4" coveredelements="4"/>
    </file>
    <file name="/Users/akihito/git/BEAR.Sunday/src/Extension/Transfer/NullTransfer.php">
      <class name="BEAR\Sunday\Extension\Transfer\NullTransfer" namespace="global">
        <metrics complexity="1" methods="0" coveredmethods="0" conditionals="0" coveredconditionals="0" statements="0" coveredstatements="0" elements="0" coveredelements="0"/>
      </class>
      <metrics loc="19" ncloc="14" classes="0" methods="0" coveredmethods="0" conditionals="0" coveredconditionals="0" statements="0" coveredstatements="0" elements="0" coveredelements="0"/>
    </file>
    <file name="/Users/akihito/git/BEAR.Sunday/src/Extension/Transfer/TransferInterface.php">
      <metrics loc="11" ncloc="11" classes="0" methods="0" coveredmethods="0" conditionals="0" coveredconditionals="0" statements="0" coveredstatements="0" elements="0" coveredelements="0"/>
    </file>
    <file name="/Users/akihito/git/BEAR.Sunday/src/Inject/PsrLoggerInject.php">
      <class name="BEAR\Sunday\Inject\PsrLoggerInject" namespace="global">
        <metrics complexity="1" methods="0" coveredmethods="0" conditionals="0" coveredconditionals="0" statements="0" coveredstatements="0" elements="0" coveredelements="0"/>
      </class>
      <metrics loc="22" ncloc="17" classes="0" methods="0" coveredmethods="0" conditionals="0" coveredconditionals="0" statements="0" coveredstatements="0" elements="0" coveredelements="0"/>
    </file>
    <file name="/Users/akihito/git/BEAR.Sunday/src/Inject/ResourceInject.php">
      <class name="BEAR\Sunday\Inject\ResourceInject" namespace="global">
        <metrics complexity="1" methods="0" coveredmethods="0" conditionals="0" coveredconditionals="0" statements="0" coveredstatements="0" elements="0" coveredelements="0"/>
      </class>
      <metrics loc="22" ncloc="17" classes="0" methods="0" coveredmethods="0" conditionals="0" coveredconditionals="0" statements="0" coveredstatements="0" elements="0" coveredelements="0"/>
    </file>
    <file name="/Users/akihito/git/BEAR.Sunday/src/Module/Cache/DoctrineCacheModule.php">
      <class name="BEAR\Sunday\Module\Cache\DoctrineCacheModule" namespace="global">
        <metrics complexity="1" methods="1" coveredmethods="1" conditionals="0" coveredconditionals="0" statements="2" coveredstatements="2" elements="3" coveredelements="3"/>
      </class>
      <line num="14" type="method" name="configure" visibility="protected" complexity="1" crap="1" count="3"/>
      <line num="16" type="stmt" count="3"/>
      <line num="17" type="stmt" count="3"/>
      <metrics loc="18" ncloc="18" classes="1" methods="1" coveredmethods="1" conditionals="0" coveredconditionals="0" statements="2" coveredstatements="2" elements="3" coveredelements="3"/>
    </file>
    <file name="/Users/akihito/git/BEAR.Sunday/src/Module/Constant/NamedModule.php">
      <class name="BEAR\Sunday\Module\Constant\NamedModule" namespace="global">
        <metrics complexity="3" methods="2" coveredmethods="2" conditionals="0" coveredconditionals="0" statements="6" coveredstatements="6" elements="8" coveredelements="8"/>
      </class>
      <line num="17" type="method" name="__construct" visibility="public" complexity="1" crap="1" count="1"/>
      <line num="19" type="stmt" count="1"/>
      <line num="20" type="stmt" count="1"/>
      <line num="21" type="stmt" count="1"/>
      <line num="23" type="method" name="configure" visibility="protected" complexity="2" crap="2" count="1"/>
      <line num="25" type="stmt" count="1"/>
      <line num="26" type="stmt" count="1"/>
      <line num="28" type="stmt" count="1"/>
      <metrics loc="29" ncloc="25" classes="1" methods="2" coveredmethods="2" conditionals="0" coveredconditionals="0" statements="6" coveredstatements="6" elements="8" coveredelements="8"/>
    </file>
    <file name="/Users/akihito/git/BEAR.Sunday/src/Module/SundayModule.php">
      <class name="BEAR\Sunday\Module\SundayModule" namespace="global">
        <metrics complexity="1" methods="1" coveredmethods="1" conditionals="0" coveredconditionals="0" statements="8" coveredstatements="8" elements="9" coveredelements="9"/>
      </class>
      <line num="18" type="method" name="configure" visibility="protected" complexity="1" crap="1" count="2"/>
      <line num="20" type="stmt" count="2"/>
      <line num="21" type="stmt" count="2"/>
      <line num="22" type="stmt" count="2"/>
      <line num="23" type="stmt" count="2"/>
      <line num="24" type="stmt" count="2"/>
      <line num="25" type="stmt" count="2"/>
      <line num="26" type="stmt" count="2"/>
      <line num="27" type="stmt" count="2"/>
      <metrics loc="28" ncloc="28" classes="1" methods="1" coveredmethods="1" conditionals="0" coveredconditionals="0" statements="8" coveredstatements="8" elements="9" coveredelements="9"/>
    </file>
    <file name="/Users/akihito/git/BEAR.Sunday/src/Provide/Application/App.php">
      <class name="BEAR\Sunday\Provide\Application\App" namespace="global">
        <metrics complexity="0" methods="0" coveredmethods="0" conditionals="0" coveredconditionals="0" statements="0" coveredstatements="0" elements="0" coveredelements="0"/>
      </class>
      <metrics loc="11" ncloc="11" classes="0" methods="0" coveredmethods="0" conditionals="0" coveredconditionals="0" statements="0" coveredstatements="0" elements="0" coveredelements="0"/>
    </file>
    <file name="/Users/akihito/git/BEAR.Sunday/src/Provide/Application/AppModule.php">
      <class name="BEAR\Sunday\Provide\Application\AppModule" namespace="global">
        <metrics complexity="1" methods="1" coveredmethods="1" conditionals="0" coveredconditionals="0" statements="3" coveredstatements="3" elements="4" coveredelements="4"/>
      </class>
      <line num="13" type="method" name="configure" visibility="protected" complexity="1" crap="1" count="2"/>
      <line num="15" type="stmt" count="2"/>
      <line num="16" type="stmt" count="2"/>
      <line num="17" type="stmt" count="2"/>
      <metrics loc="18" ncloc="18" classes="1" methods="1" coveredmethods="1" conditionals="0" coveredconditionals="0" statements="3" coveredstatements="3" elements="4" coveredelements="4"/>
    </file>
    <file name="/Users/akihito/git/BEAR.Sunday/src/Provide/Error/ErrorModule.php">
      <class name="BEAR\Sunday\Provide\Error\ErrorModule" namespace="global">
        <metrics complexity="1" methods="1" coveredmethods="1" conditionals="0" coveredconditionals="0" statements="3" coveredstatements="3" elements="4" coveredelements="4"/>
      </class>
      <line num="13" type="method" name="configure" visibility="protected" complexity="1" crap="1" count="2"/>
      <line num="15" type="stmt" count="2"/>
      <line num="16" type="stmt" count="2"/>
      <line num="17" type="stmt" count="2"/>
      <metrics loc="18" ncloc="18" classes="1" methods="1" coveredmethods="1" conditionals="0" coveredconditionals="0" statements="3" coveredstatements="3" elements="4" coveredelements="4"/>
    </file>
    <file name="/Users/akihito/git/BEAR.Sunday/src/Provide/Error/ErrorPage.php">
      <class name="BEAR\Sunday\Provide\Error\ErrorPage" namespace="global">
        <metrics complexity="0" methods="0" coveredmethods="0" conditionals="0" coveredconditionals="0" statements="0" coveredstatements="0" elements="0" coveredelements="0"/>
      </class>
      <metrics loc="11" ncloc="11" classes="0" methods="0" coveredmethods="0" conditionals="0" coveredconditionals="0" statements="0" coveredstatements="0" elements="0" coveredelements="0"/>
    </file>
    <file name="/Users/akihito/git/BEAR.Sunday/src/Provide/Error/ThrowableHandler.php">
      <class name="BEAR\Sunday\Provide\Error\ThrowableHandler" namespace="global">
        <metrics complexity="4" methods="3" coveredmethods="3" conditionals="0" coveredconditionals="0" statements="8" coveredstatements="8" elements="11" coveredelements="11"/>
      </class>
      <line num="24" type="method" name="__construct" visibility="public" complexity="1" crap="1" count="2"/>
      <line num="26" type="stmt" count="2"/>
      <line num="27" type="stmt" count="2"/>
      <line num="29" type="method" name="handle" visibility="public" complexity="2" crap="2" count="2"/>
      <line num="31" type="stmt" count="2"/>
      <line num="32" type="stmt" count="2"/>
      <line num="33" type="stmt" count="2"/>
      <line num="35" type="stmt" count="2"/>
      <line num="38" type="method" name="transfer" visibility="public" complexity="1" crap="1" count="2"/>
      <line num="40" type="stmt" count="2"/>
      <line num="41" type="stmt" count="2"/>
      <metrics loc="42" ncloc="41" classes="1" methods="3" coveredmethods="3" conditionals="0" coveredconditionals="0" statements="8" coveredstatements="8" elements="11" coveredelements="11"/>
    </file>
    <file name="/Users/akihito/git/BEAR.Sunday/src/Provide/Error/VndError.php">
      <class name="BEAR\Sunday\Provide\Error\VndError" namespace="global">
        <metrics complexity="8" methods="4" coveredmethods="4" conditionals="0" coveredconditionals="0" statements="18" coveredstatements="18" elements="22" coveredelements="22"/>
      </class>
      <line num="40" type="method" name="__construct" visibility="public" complexity="1" crap="1" count="8"/>
      <line num="42" type="stmt" count="8"/>
      <line num="43" type="stmt" count="8"/>
      <line num="44" type="stmt" count="8"/>
      <line num="51" type="method" name="handle" visibility="public" complexity="2" crap="2" count="7"/>
      <line num="53" type="stmt" count="7"/>
      <line num="54" type="stmt" count="4"/>
      <line num="55" type="stmt" count="4"/>
      <line num="57" type="stmt" count="4"/>
      <line num="60" type="stmt" count="3"/>
      <line num="61" type="stmt" count="3"/>
      <line num="62" type="stmt" count="3"/>
      <line num="63" type="stmt" count="3"/>
      <line num="65" type="stmt" count="3"/>
      <line num="68" type="method" name="transfer" visibility="public" complexity="1" crap="1" count="7"/>
      <line num="70" type="stmt" count="7"/>
      <line num="71" type="stmt" count="7"/>
      <line num="72" type="stmt" count="7"/>
      <line num="74" type="method" name="isCodeExists" visibility="private" complexity="4" crap="4" count="7"/>
      <line num="76" type="stmt" count="7"/>
      <line num="77" type="stmt" count="2"/>
      <line num="80" type="stmt" count="5"/>
      <metrics loc="82" ncloc="68" classes="1" methods="4" coveredmethods="4" conditionals="0" coveredconditionals="0" statements="18" coveredstatements="18" elements="22" coveredelements="22"/>
    </file>
    <file name="/Users/akihito/git/BEAR.Sunday/src/Provide/Representation/RepresentationModule.php">
      <class name="BEAR\Sunday\Provide\Representation\RepresentationModule" namespace="global">
        <metrics complexity="1" methods="1" coveredmethods="1" conditionals="0" coveredconditionals="0" statements="2" coveredstatements="2" elements="3" coveredelements="3"/>
      </class>
      <line num="14" type="method" name="configure" visibility="protected" complexity="1" crap="1" count="1"/>
      <line num="16" type="stmt" count="1"/>
      <line num="17" type="stmt" count="1"/>
      <metrics loc="18" ncloc="18" classes="1" methods="1" coveredmethods="1" conditionals="0" coveredconditionals="0" statements="2" coveredstatements="2" elements="3" coveredelements="3"/>
    </file>
    <file name="/Users/akihito/git/BEAR.Sunday/src/Provide/Router/RouterModule.php">
      <class name="BEAR\Sunday\Provide\Router\RouterModule" namespace="global">
        <metrics complexity="1" methods="1" coveredmethods="1" conditionals="0" coveredconditionals="0" statements="3" coveredstatements="3" elements="4" coveredelements="4"/>
      </class>
      <line num="13" type="method" name="configure" visibility="protected" complexity="1" crap="1" count="2"/>
      <line num="15" type="stmt" count="2"/>
      <line num="16" type="stmt" count="2"/>
      <line num="17" type="stmt" count="2"/>
      <metrics loc="18" ncloc="18" classes="1" methods="1" coveredmethods="1" conditionals="0" coveredconditionals="0" statements="3" coveredstatements="3" elements="4" coveredelements="4"/>
    </file>
    <file name="/Users/akihito/git/BEAR.Sunday/src/Provide/Router/WebRouter.php">
      <class name="BEAR\Sunday\Provide\Router\WebRouter" namespace="global">
        <metrics complexity="9" methods="4" coveredmethods="4" conditionals="0" coveredconditionals="0" statements="25" coveredstatements="25" elements="29" coveredelements="29"/>
      </class>
      <line num="37" type="method" name="__construct" visibility="public" complexity="1" crap="1" count="10"/>
      <line num="39" type="stmt" count="10"/>
      <line num="40" type="stmt" count="10"/>
      <line num="45" type="method" name="match" visibility="public" complexity="2" crap="2" count="7"/>
      <line num="47" type="stmt" count="7"/>
      <line num="48" type="stmt" count="7"/>
      <line num="49" type="stmt" count="7"/>
      <line num="50" type="stmt" count="7"/>
      <line num="51" type="stmt" count="7"/>
      <line num="53" type="stmt" count="6"/>
      <line num="59" type="method" name="generate" visibility="public" complexity="1" crap="1" count="1"/>
      <line num="61" type="stmt" count="1"/>
      <line num="74" type="method" name="getUnsafeQuery" visibility="private" complexity="5" crap="5" count="5"/>
      <line num="76" type="stmt" count="5"/>
      <line num="77" type="stmt" count="1"/>
      <line num="80" type="stmt" count="4"/>
      <line num="81" type="stmt" count="4"/>
      <line num="82" type="stmt" count="4"/>
      <line num="83" type="stmt" count="4"/>
      <line num="84" type="stmt" count="1"/>
      <line num="87" type="stmt" count="1"/>
      <line num="90" type="stmt" count="3"/>
      <line num="91" type="stmt" count="3"/>
      <line num="92" type="stmt" count="1"/>
      <line num="96" type="stmt" count="2"/>
      <line num="97" type="stmt" count="2"/>
      <line num="98" type="stmt" count="2"/>
      <line num="99" type="stmt" count="1"/>
      <line num="102" type="stmt" count="1"/>
      <metrics loc="104" ncloc="80" classes="1" methods="4" coveredmethods="4" conditionals="0" coveredconditionals="0" statements="25" coveredstatements="25" elements="29" coveredelements="29"/>
    </file>
    <file name="/Users/akihito/git/BEAR.Sunday/src/Provide/Transfer/ConditionalResponse.php">
      <class name="BEAR\Sunday\Provide\Transfer\ConditionalResponse" namespace="global">
        <metrics complexity="5" methods="2" coveredmethods="2" conditionals="0" coveredconditionals="0" statements="7" coveredstatements="7" elements="9" coveredelements="9"/>
      </class>
      <line num="28" type="method" name="isModified" visibility="public" complexity="2" crap="2" count="12"/>
      <line num="30" type="stmt" count="12"/>
      <line num="36" type="method" name="getOutput" visibility="public" complexity="3" crap="3" count="2"/>
      <line num="38" type="stmt" count="2"/>
      <line num="39" type="stmt" count="2"/>
      <line num="40" type="stmt" count="2"/>
      <line num="41" type="stmt" count="1"/>
      <line num="44" type="stmt" count="2"/>
      <line num="47" type="stmt" count="2"/>
      <metrics loc="49" ncloc="40" classes="1" methods="2" coveredmethods="2" conditionals="0" coveredconditionals="0" statements="7" coveredstatements="7" elements="9" coveredelements="9"/>
    </file>
    <file name="/Users/akihito/git/BEAR.Sunday/src/Provide/Transfer/ConditionalResponseInterface.php">
      <metrics loc="24" ncloc="14" classes="0" methods="0" coveredmethods="0" conditionals="0" coveredconditionals="0" statements="0" coveredstatements="0" elements="0" coveredelements="0"/>
    </file>
    <file name="/Users/akihito/git/BEAR.Sunday/src/Provide/Transfer/Header.php">
      <class name="BEAR\Sunday\Provide\Transfer\Header" namespace="global">
        <metrics complexity="1" methods="1" coveredmethods="1" conditionals="0" coveredconditionals="0" statements="2" coveredstatements="2" elements="3" coveredelements="3"/>
      </class>
      <line num="14" type="method" name="__invoke" visibility="public" complexity="1" crap="1" count="10"/>
      <line num="16" type="stmt" count="10"/>
      <line num="18" type="stmt" count="10"/>
      <metrics loc="20" ncloc="17" classes="1" methods="1" coveredmethods="1" conditionals="0" coveredconditionals="0" statements="2" coveredstatements="2" elements="3" coveredelements="3"/>
    </file>
    <file name="/Users/akihito/git/BEAR.Sunday/src/Provide/Transfer/HeaderInterface.php">
      <metrics loc="17" ncloc="12" classes="0" methods="0" coveredmethods="0" conditionals="0" coveredconditionals="0" statements="0" coveredstatements="0" elements="0" coveredelements="0"/>
    </file>
    <file name="/Users/akihito/git/BEAR.Sunday/src/Provide/Transfer/HttpCacheModule.php">
      <class name="BEAR\Sunday\Provide\Transfer\HttpCacheModule" namespace="global">
        <metrics complexity="1" methods="1" coveredmethods="1" conditionals="0" coveredconditionals="0" statements="2" coveredstatements="2" elements="3" coveredelements="3"/>
      </class>
      <line num="13" type="method" name="configure" visibility="protected" complexity="1" crap="1" count="2"/>
      <line num="15" type="stmt" count="2"/>
      <line num="16" type="stmt" count="2"/>
      <metrics loc="17" ncloc="17" classes="1" methods="1" coveredmethods="1" conditionals="0" coveredconditionals="0" statements="2" coveredstatements="2" elements="3" coveredelements="3"/>
    </file>
    <file name="/Users/akihito/git/BEAR.Sunday/src/Provide/Transfer/HttpResponder.php">
      <class name="BEAR\Sunday\Provide\Transfer\HttpResponder" namespace="global">
        <metrics complexity="6" methods="3" coveredmethods="3" conditionals="0" coveredconditionals="0" statements="12" coveredstatements="12" elements="15" coveredelements="15"/>
      </class>
      <line num="18" type="method" name="__construct" visibility="public" complexity="1" crap="1" count="14"/>
      <line num="20" type="stmt" count="14"/>
      <line num="21" type="stmt" count="14"/>
      <line num="22" type="stmt" count="14"/>
      <line num="27" type="method" name="__invoke" visibility="public" complexity="3" crap="3" count="12"/>
      <line num="30" type="stmt" count="12"/>
      <line num="31" type="stmt" count="12"/>
      <line num="33" type="stmt" count="12"/>
      <line num="35" type="stmt" count="12"/>
      <line num="39" type="stmt" count="12"/>
      <line num="41" type="stmt" count="12"/>
      <line num="42" type="stmt" count="12"/>
      <line num="47" type="method" name="getOutput" visibility="private" complexity="2" crap="2" count="10"/>
      <line num="49" type="stmt" count="10"/>
      <line num="51" type="stmt" count="10"/>
      <metrics loc="53" ncloc="45" classes="1" methods="3" coveredmethods="3" conditionals="0" coveredconditionals="0" statements="12" coveredstatements="12" elements="15" coveredelements="15"/>
    </file>
    <file name="/Users/akihito/git/BEAR.Sunday/src/Provide/Transfer/HttpResponderModule.php">
      <class name="BEAR\Sunday\Provide\Transfer\HttpResponderModule" namespace="global">
        <metrics complexity="1" methods="1" coveredmethods="1" conditionals="0" coveredconditionals="0" statements="4" coveredstatements="4" elements="5" coveredelements="5"/>
      </class>
      <line num="12" type="method" name="configure" visibility="protected" complexity="1" crap="1" count="2"/>
      <line num="14" type="stmt" count="2"/>
      <line num="15" type="stmt" count="2"/>
      <line num="16" type="stmt" count="2"/>
      <line num="17" type="stmt" count="2"/>
      <metrics loc="18" ncloc="18" classes="1" methods="1" coveredmethods="1" conditionals="0" coveredconditionals="0" statements="4" coveredstatements="4" elements="5" coveredelements="5"/>
    </file>
    <file name="/Users/akihito/git/BEAR.Sunday/src/Provide/Transfer/Output.php">
      <class name="BEAR\Sunday\Provide\Transfer\Output" namespace="global">
        <metrics complexity="1" methods="1" coveredmethods="1" conditionals="0" coveredconditionals="0" statements="5" coveredstatements="5" elements="6" coveredelements="6"/>
      </class>
      <line num="14" type="method" name="__construct" visibility="public" complexity="1" crap="1" count="12"/>
      <line num="16" type="stmt" count="12"/>
      <line num="17" type="stmt" count="12"/>
      <line num="18" type="stmt" count="12"/>
      <line num="19" type="stmt" count="12"/>
      <line num="20" type="stmt" count="12"/>
      <metrics loc="21" ncloc="18" classes="1" methods="1" coveredmethods="1" conditionals="0" coveredconditionals="0" statements="5" coveredstatements="5" elements="6" coveredelements="6"/>
    </file>
    <metrics files="40" loc="1020" ncloc="826" classes="20" methods="34" coveredmethods="34" conditionals="0" coveredconditionals="0" statements="122" coveredstatements="122" elements="156" coveredelements="156"/>
  </project>
</coverage>
